# JRE version: Java(TM) SE Runtime Environment (8.0_181-b13) (build 1.8.0_181-b13)
# Java VM: Java HotSpot(TM) 64-Bit Server VM (25.181-b13 mixed mode windows-amd64 compressed oops)
Heap:
 PSYoungGen      total 134144K, used 17689K [0x00000000d6100000, 0x00000000e0b00000, 0x0000000100000000)
  eden space 113664K, 4% used [0x00000000d6100000,0x00000000d6632660,0x00000000dd000000)
  from space 20480K, 60% used [0x00000000dd000000,0x00000000ddc14028,0x00000000de400000)
  to   space 19968K, 0% used [0x00000000df780000,0x00000000df780000,0x00000000e0b00000)
 ParOldGen       total 75264K, used 39862K [0x0000000082200000, 0x0000000086b80000, 0x00000000d6100000)
  object space 75264K, 52% used [0x0000000082200000,0x00000000848edaa0,0x0000000086b80000)
 Metaspace       used 31665K, capacity 32654K, committed 33024K, reserved 1079296K
  class space    used 3705K, capacity 4012K, committed 4096K, reserved 1048576K
GC Heap History (10 events):
Event: 8.267 GC heap before
{Heap before GC invocations=8 (full 1):
 PSYoungGen      total 76288K, used 9093K [0x00000000d6100000, 0x00000000df700000, 0x0000000100000000)
  eden space 65536K, 0% used [0x00000000d6100000,0x00000000d6100000,0x00000000da100000)
  from space 10752K, 84% used [0x00000000da100000,0x00000000da9e16a0,0x00000000dab80000)
  to   space 11264K, 0% used [0x00000000dec00000,0x00000000dec00000,0x00000000df700000)
 ParOldGen       total 86016K, used 15801K [0x0000000082200000, 0x0000000087600000, 0x00000000d6100000)
  object space 86016K, 18% used [0x0000000082200000,0x000000008316e648,0x0000000087600000)
 Metaspace       used 20673K, capacity 21196K, committed 21296K, reserved 1069056K
  class space    used 2455K, capacity 2648K, committed 2688K, reserved 1048576K
Event: 8.488 GC heap after
Heap after GC invocations=8 (full 1):
 PSYoungGen      total 76288K, used 0K [0x00000000d6100000, 0x00000000df700000, 0x0000000100000000)
  eden space 65536K, 0% used [0x00000000d6100000,0x00000000d6100000,0x00000000da100000)
  from space 10752K, 0% used [0x00000000da100000,0x00000000da100000,0x00000000dab80000)
  to   space 11264K, 0% used [0x00000000dec00000,0x00000000dec00000,0x00000000df700000)
 ParOldGen       total 75264K, used 17241K [0x0000000082200000, 0x0000000086b80000, 0x00000000d6100000)
  object space 75264K, 22% used [0x0000000082200000,0x00000000832d6750,0x0000000086b80000)
 Metaspace       used 20673K, capacity 21196K, committed 21296K, reserved 1069056K
  class space    used 2455K, capacity 2648K, committed 2688K, reserved 1048576K
}
Event: 10.628 GC heap before
{Heap before GC invocations=9 (full 1):
 PSYoungGen      total 76288K, used 65519K [0x00000000d6100000, 0x00000000df700000, 0x0000000100000000)
  eden space 65536K, 99% used [0x00000000d6100000,0x00000000da0fbf98,0x00000000da100000)
  from space 10752K, 0% used [0x00000000da100000,0x00000000da100000,0x00000000dab80000)
  to   space 11264K, 0% used [0x00000000dec00000,0x00000000dec00000,0x00000000df700000)
 ParOldGen       total 75264K, used 17241K [0x0000000082200000, 0x0000000086b80000, 0x00000000d6100000)
  object space 75264K, 22% used [0x0000000082200000,0x00000000832d6750,0x0000000086b80000)
 Metaspace       used 25077K, capacity 25714K, committed 25856K, reserved 1071104K
  class space    used 3016K, capacity 3241K, committed 3328K, reserved 1048576K
Event: 10.645 GC heap after
Heap after GC invocations=9 (full 1):
 PSYoungGen      total 93696K, used 3398K [0x00000000d6100000, 0x00000000def80000, 0x0000000100000000)
  eden space 90112K, 0% used [0x00000000d6100000,0x00000000d6100000,0x00000000db900000)
  from space 3584K, 94% used [0x00000000dec00000,0x00000000def51870,0x00000000def80000)
  to   space 11776K, 0% used [0x00000000dd880000,0x00000000dd880000,0x00000000de400000)
 ParOldGen       total 75264K, used 17249K [0x0000000082200000, 0x0000000086b80000, 0x00000000d6100000)
  object space 75264K, 22% used [0x0000000082200000,0x00000000832d8750,0x0000000086b80000)
 Metaspace       used 25077K, capacity 25714K, committed 25856K, reserved 1071104K
  class space    used 3016K, capacity 3241K, committed 3328K, reserved 1048576K
}
Event: 15.014 GC heap before
{Heap before GC invocations=10 (full 1):
 PSYoungGen      total 93696K, used 93510K [0x00000000d6100000, 0x00000000def80000, 0x0000000100000000)
  eden space 90112K, 100% used [0x00000000d6100000,0x00000000db900000,0x00000000db900000)
  from space 3584K, 94% used [0x00000000dec00000,0x00000000def51870,0x00000000def80000)
  to   space 11776K, 0% used [0x00000000dd880000,0x00000000dd880000,0x00000000de400000)
 ParOldGen       total 75264K, used 17249K [0x0000000082200000, 0x0000000086b80000, 0x00000000d6100000)
  object space 75264K, 22% used [0x0000000082200000,0x00000000832d8750,0x0000000086b80000)
 Metaspace       used 27480K, capacity 28252K, committed 28416K, reserved 1075200K
  class space    used 3261K, capacity 3510K, committed 3584K, reserved 1048576K
Event: 15.038 GC heap after
Heap after GC invocations=10 (full 1):
 PSYoungGen      total 119808K, used 11753K [0x00000000d6100000, 0x00000000dec80000, 0x0000000100000000)
  eden space 108032K, 0% used [0x00000000d6100000,0x00000000d6100000,0x00000000dca80000)
  from space 11776K, 99% used [0x00000000dd880000,0x00000000de3fa7e0,0x00000000de400000)
  to   space 8704K, 0% used [0x00000000de400000,0x00000000de400000,0x00000000dec80000)
 ParOldGen       total 75264K, used 22334K [0x0000000082200000, 0x0000000086b80000, 0x00000000d6100000)
  object space 75264K, 29% used [0x0000000082200000,0x00000000837cf9f0,0x0000000086b80000)
 Metaspace       used 27480K, capacity 28252K, committed 28416K, reserved 1075200K
  class space    used 3261K, capacity 3510K, committed 3584K, reserved 1048576K
}
Event: 17.521 GC heap before
{Heap before GC invocations=11 (full 1):
 PSYoungGen      total 119808K, used 119785K [0x00000000d6100000, 0x00000000dec80000, 0x0000000100000000)
  eden space 108032K, 100% used [0x00000000d6100000,0x00000000dca80000,0x00000000dca80000)
  from space 11776K, 99% used [0x00000000dd880000,0x00000000de3fa7e0,0x00000000de400000)
  to   space 8704K, 0% used [0x00000000de400000,0x00000000de400000,0x00000000dec80000)
 ParOldGen       total 75264K, used 22334K [0x0000000082200000, 0x0000000086b80000, 0x00000000d6100000)
  object space 75264K, 29% used [0x0000000082200000,0x00000000837cf9f0,0x0000000086b80000)
 Metaspace       used 28925K, capacity 29770K, committed 29824K, reserved 1075200K
  class space    used 3410K, capacity 3674K, committed 3712K, reserved 1048576K
Event: 17.554 GC heap after
Heap after GC invocations=11 (full 1):
 PSYoungGen      total 122368K, used 8672K [0x00000000d6100000, 0x00000000e0780000, 0x0000000100000000)
  eden space 113664K, 0% used [0x00000000d6100000,0x00000000d6100000,0x00000000dd000000)
  from space 8704K, 99% used [0x00000000de400000,0x00000000dec78368,0x00000000dec80000)
  to   space 20480K, 0% used [0x00000000dd000000,0x00000000dd000000,0x00000000de400000)
 ParOldGen       total 75264K, used 38278K [0x0000000082200000, 0x0000000086b80000, 0x00000000d6100000)
  object space 75264K, 50% used [0x0000000082200000,0x0000000084761a70,0x0000000086b80000)
 Metaspace       used 28925K, capacity 29770K, committed 29824K, reserved 1075200K
  class space    used 3410K, capacity 3674K, committed 3712K, reserved 1048576K
}
Event: 22.065 GC heap before
{Heap before GC invocations=12 (full 1):
 PSYoungGen      total 122368K, used 122336K [0x00000000d6100000, 0x00000000e0780000, 0x0000000100000000)
  eden space 113664K, 100% used [0x00000000d6100000,0x00000000dd000000,0x00000000dd000000)
  from space 8704K, 99% used [0x00000000de400000,0x00000000dec78368,0x00000000dec80000)
  to   space 20480K, 0% used [0x00000000dd000000,0x00000000dd000000,0x00000000de400000)
 ParOldGen       total 75264K, used 38278K [0x0000000082200000, 0x0000000086b80000, 0x00000000d6100000)
  object space 75264K, 50% used [0x0000000082200000,0x0000000084761a70,0x0000000086b80000)
 Metaspace       used 31449K, capacity 32430K, committed 32768K, reserved 1077248K
  class space    used 3681K, capacity 3980K, committed 4096K, reserved 1048576K
Event: 22.093 GC heap after
Heap after GC invocations=12 (full 1):
 PSYoungGen      total 134144K, used 12368K [0x00000000d6100000, 0x00000000e0b00000, 0x0000000100000000)
  eden space 113664K, 0% used [0x00000000d6100000,0x00000000d6100000,0x00000000dd000000)
  from space 20480K, 60% used [0x00000000dd000000,0x00000000ddc14028,0x00000000de400000)
  to   space 19968K, 0% used [0x00000000df780000,0x00000000df780000,0x00000000e0b00000)
 ParOldGen       total 75264K, used 39862K [0x0000000082200000, 0x0000000086b80000, 0x00000000d6100000)
  object space 75264K, 52% used [0x0000000082200000,0x00000000848edaa0,0x0000000086b80000)
 Metaspace       used 31449K, capacity 32430K, committed 32768K, reserved 1077248K
  class space    used 3681K, capacity 3980K, committed 4096K, reserved 1048576K
}

