# JRE version: Java(TM) SE Runtime Environment (8.0_181-b13) (build 1.8.0_181-b13)
# Java VM: Java HotSpot(TM) 64-Bit Server VM (25.181-b13 mixed mode windows-amd64 compressed oops)
Heap:
 PSYoungGen      total 109568K, used 39897K [0x00000000d6100000, 0x00000000dd800000, 0x0000000100000000)
  eden space 101376K, 34% used [0x00000000d6100000,0x00000000d83450c8,0x00000000dc400000)
  from space 8192K, 58% used [0x00000000dcc00000,0x00000000dd0b14c8,0x00000000dd400000)
  to   space 8192K, 0% used [0x00000000dc400000,0x00000000dc400000,0x00000000dcc00000)
 ParOldGen       total 56320K, used 8312K [0x0000000082200000, 0x0000000085900000, 0x00000000d6100000)
  object space 56320K, 14% used [0x0000000082200000,0x0000000082a1e228,0x0000000085900000)
 Metaspace       used 29409K, capacity 31356K, committed 31488K, reserved 1077248K
  class space    used 3862K, capacity 4266K, committed 4352K, reserved 1048576K
GC Heap History (10 events):
Event: 3.740 GC heap before
{Heap before GC invocations=3 (full 0):
 PSYoungGen      total 37888K, used 37863K [0x00000000d6100000, 0x00000000d8b00000, 0x0000000100000000)
  eden space 32768K, 100% used [0x00000000d6100000,0x00000000d8100000,0x00000000d8100000)
  from space 5120K, 99% used [0x00000000d8600000,0x00000000d8af9d00,0x00000000d8b00000)
  to   space 5120K, 0% used [0x00000000d8100000,0x00000000d8100000,0x00000000d8600000)
 ParOldGen       total 86016K, used 725K [0x0000000082200000, 0x0000000087600000, 0x00000000d6100000)
  object space 86016K, 0% used [0x0000000082200000,0x00000000822b5410,0x0000000087600000)
 Metaspace       used 18103K, capacity 19280K, committed 19584K, reserved 1067008K
  class space    used 2327K, capacity 2566K, committed 2688K, reserved 1048576K
Event: 3.754 GC heap after
Heap after GC invocations=3 (full 0):
 PSYoungGen      total 37888K, used 5112K [0x00000000d6100000, 0x00000000dab00000, 0x0000000100000000)
  eden space 32768K, 0% used [0x00000000d6100000,0x00000000d6100000,0x00000000d8100000)
  from space 5120K, 99% used [0x00000000d8100000,0x00000000d85fe070,0x00000000d8600000)
  to   space 5120K, 0% used [0x00000000da600000,0x00000000da600000,0x00000000dab00000)
 ParOldGen       total 86016K, used 2082K [0x0000000082200000, 0x0000000087600000, 0x00000000d6100000)
  object space 86016K, 2% used [0x0000000082200000,0x0000000082408808,0x0000000087600000)
 Metaspace       used 18103K, capacity 19280K, committed 19584K, reserved 1067008K
  class space    used 2327K, capacity 2566K, committed 2688K, reserved 1048576K
}
Event: 4.335 GC heap before
{Heap before GC invocations=4 (full 0):
 PSYoungGen      total 37888K, used 25506K [0x00000000d6100000, 0x00000000dab00000, 0x0000000100000000)
  eden space 32768K, 62% used [0x00000000d6100000,0x00000000d74eab00,0x00000000d8100000)
  from space 5120K, 99% used [0x00000000d8100000,0x00000000d85fe070,0x00000000d8600000)
  to   space 5120K, 0% used [0x00000000da600000,0x00000000da600000,0x00000000dab00000)
 ParOldGen       total 86016K, used 2082K [0x0000000082200000, 0x0000000087600000, 0x00000000d6100000)
  object space 86016K, 2% used [0x0000000082200000,0x0000000082408808,0x0000000087600000)
 Metaspace       used 19843K, capacity 21214K, committed 21296K, reserved 1067008K
  class space    used 2597K, capacity 2883K, committed 2944K, reserved 1048576K
Event: 4.346 GC heap after
Heap after GC invocations=4 (full 0):
 PSYoungGen      total 70656K, used 5111K [0x00000000d6100000, 0x00000000dab00000, 0x0000000100000000)
  eden space 65536K, 0% used [0x00000000d6100000,0x00000000d6100000,0x00000000da100000)
  from space 5120K, 99% used [0x00000000da600000,0x00000000daafde78,0x00000000dab00000)
  to   space 5120K, 0% used [0x00000000da100000,0x00000000da100000,0x00000000da600000)
 ParOldGen       total 86016K, used 3514K [0x0000000082200000, 0x0000000087600000, 0x00000000d6100000)
  object space 86016K, 4% used [0x0000000082200000,0x000000008256e868,0x0000000087600000)
 Metaspace       used 19843K, capacity 21214K, committed 21296K, reserved 1067008K
  class space    used 2597K, capacity 2883K, committed 2944K, reserved 1048576K
}
Event: 4.346 GC heap before
{Heap before GC invocations=5 (full 1):
 PSYoungGen      total 70656K, used 5111K [0x00000000d6100000, 0x00000000dab00000, 0x0000000100000000)
  eden space 65536K, 0% used [0x00000000d6100000,0x00000000d6100000,0x00000000da100000)
  from space 5120K, 99% used [0x00000000da600000,0x00000000daafde78,0x00000000dab00000)
  to   space 5120K, 0% used [0x00000000da100000,0x00000000da100000,0x00000000da600000)
 ParOldGen       total 86016K, used 3514K [0x0000000082200000, 0x0000000087600000, 0x00000000d6100000)
  object space 86016K, 4% used [0x0000000082200000,0x000000008256e868,0x0000000087600000)
 Metaspace       used 19843K, capacity 21214K, committed 21296K, reserved 1067008K
  class space    used 2597K, capacity 2883K, committed 2944K, reserved 1048576K
Event: 4.392 GC heap after
Heap after GC invocations=5 (full 1):
 PSYoungGen      total 70656K, used 0K [0x00000000d6100000, 0x00000000dab00000, 0x0000000100000000)
  eden space 65536K, 0% used [0x00000000d6100000,0x00000000d6100000,0x00000000da100000)
  from space 5120K, 0% used [0x00000000da600000,0x00000000da600000,0x00000000dab00000)
  to   space 5120K, 0% used [0x00000000da100000,0x00000000da100000,0x00000000da600000)
 ParOldGen       total 56320K, used 6441K [0x0000000082200000, 0x0000000085900000, 0x00000000d6100000)
  object space 56320K, 11% used [0x0000000082200000,0x000000008284a750,0x0000000085900000)
 Metaspace       used 19843K, capacity 21214K, committed 21296K, reserved 1067008K
  class space    used 2597K, capacity 2883K, committed 2944K, reserved 1048576K
}
Event: 5.325 GC heap before
{Heap before GC invocations=6 (full 1):
 PSYoungGen      total 70656K, used 65502K [0x00000000d6100000, 0x00000000dab00000, 0x0000000100000000)
  eden space 65536K, 99% used [0x00000000d6100000,0x00000000da0f7a78,0x00000000da100000)
  from space 5120K, 0% used [0x00000000da600000,0x00000000da600000,0x00000000dab00000)
  to   space 5120K, 0% used [0x00000000da100000,0x00000000da100000,0x00000000da600000)
 ParOldGen       total 56320K, used 6441K [0x0000000082200000, 0x0000000085900000, 0x00000000d6100000)
  object space 56320K, 11% used [0x0000000082200000,0x000000008284a750,0x0000000085900000)
 Metaspace       used 25347K, capacity 26922K, committed 27008K, reserved 1073152K
  class space    used 3322K, capacity 3645K, committed 3712K, reserved 1048576K
Event: 5.336 GC heap after
Heap after GC invocations=6 (full 1):
 PSYoungGen      total 70656K, used 5115K [0x00000000d6100000, 0x00000000dd400000, 0x0000000100000000)
  eden space 65536K, 0% used [0x00000000d6100000,0x00000000d6100000,0x00000000da100000)
  from space 5120K, 99% used [0x00000000da100000,0x00000000da5fef48,0x00000000da600000)
  to   space 8192K, 0% used [0x00000000dcc00000,0x00000000dcc00000,0x00000000dd400000)
 ParOldGen       total 56320K, used 8304K [0x0000000082200000, 0x0000000085900000, 0x00000000d6100000)
  object space 56320K, 14% used [0x0000000082200000,0x0000000082a1c228,0x0000000085900000)
 Metaspace       used 25347K, capacity 26922K, committed 27008K, reserved 1073152K
  class space    used 3322K, capacity 3645K, committed 3712K, reserved 1048576K
}
Event: 6.565 GC heap before
{Heap before GC invocations=7 (full 1):
 PSYoungGen      total 70656K, used 70651K [0x00000000d6100000, 0x00000000dd400000, 0x0000000100000000)
  eden space 65536K, 100% used [0x00000000d6100000,0x00000000da100000,0x00000000da100000)
  from space 5120K, 99% used [0x00000000da100000,0x00000000da5fef48,0x00000000da600000)
  to   space 8192K, 0% used [0x00000000dcc00000,0x00000000dcc00000,0x00000000dd400000)
 ParOldGen       total 56320K, used 8304K [0x0000000082200000, 0x0000000085900000, 0x00000000d6100000)
  object space 56320K, 14% used [0x0000000082200000,0x0000000082a1c228,0x0000000085900000)
 Metaspace       used 27360K, capacity 29164K, committed 29312K, reserved 1075200K
  class space    used 3574K, capacity 3938K, committed 3968K, reserved 1048576K
Event: 6.598 GC heap after
Heap after GC invocations=7 (full 1):
 PSYoungGen      total 109568K, used 4805K [0x00000000d6100000, 0x00000000dd800000, 0x0000000100000000)
  eden space 101376K, 0% used [0x00000000d6100000,0x00000000d6100000,0x00000000dc400000)
  from space 8192K, 58% used [0x00000000dcc00000,0x00000000dd0b14c8,0x00000000dd400000)
  to   space 8192K, 0% used [0x00000000dc400000,0x00000000dc400000,0x00000000dcc00000)
 ParOldGen       total 56320K, used 8312K [0x0000000082200000, 0x0000000085900000, 0x00000000d6100000)
  object space 56320K, 14% used [0x0000000082200000,0x0000000082a1e228,0x0000000085900000)
 Metaspace       used 27360K, capacity 29164K, committed 29312K, reserved 1075200K
  class space    used 3574K, capacity 3938K, committed 3968K, reserved 1048576K
}

