# JRE version: Java(TM) SE Runtime Environment (8.0_181-b13) (build 1.8.0_181-b13)
# Java VM: Java HotSpot(TM) 64-Bit Server VM (25.181-b13 mixed mode windows-amd64 compressed oops)
Heap:
 PSYoungGen      total 117248K, used 39512K [0x00000000d6100000, 0x00000000dfd80000, 0x0000000100000000)
  eden space 105984K, 26% used [0x00000000d6100000,0x00000000d7c9d800,0x00000000dc880000)
  from space 11264K, 99% used [0x00000000dc880000,0x00000000dd378940,0x00000000dd380000)
  to   space 13824K, 0% used [0x00000000df000000,0x00000000df000000,0x00000000dfd80000)
 ParOldGen       total 88576K, used 19664K [0x0000000082200000, 0x0000000087880000, 0x00000000d6100000)
  object space 88576K, 22% used [0x0000000082200000,0x0000000083534000,0x0000000087880000)
 Metaspace       used 52190K, capacity 55138K, committed 55424K, reserved 1097728K
  class space    used 7190K, capacity 7725K, committed 7808K, reserved 1048576K
GC Heap History (10 events):
Event: 14.810 GC heap before
{Heap before GC invocations=9 (full 1):
 PSYoungGen      total 56832K, used 52893K [0x00000000d6100000, 0x00000000dbf80000, 0x0000000100000000)
  eden space 48640K, 100% used [0x00000000d6100000,0x00000000d9080000,0x00000000d9080000)
  from space 8192K, 51% used [0x00000000d9080000,0x00000000d94a7490,0x00000000d9880000)
  to   space 8192K, 0% used [0x00000000db780000,0x00000000db780000,0x00000000dbf80000)
 ParOldGen       total 58368K, used 6573K [0x0000000082200000, 0x0000000085b00000, 0x00000000d6100000)
  object space 58368K, 11% used [0x0000000082200000,0x000000008286b710,0x0000000085b00000)
 Metaspace       used 29482K, capacity 31424K, committed 31744K, reserved 1077248K
  class space    used 3866K, capacity 4266K, committed 4352K, reserved 1048576K
Event: 14.850 GC heap after
Heap after GC invocations=9 (full 1):
 PSYoungGen      total 88576K, used 6784K [0x00000000d6100000, 0x00000000dbf80000, 0x0000000100000000)
  eden space 80384K, 0% used [0x00000000d6100000,0x00000000d6100000,0x00000000daf80000)
  from space 8192K, 82% used [0x00000000db780000,0x00000000dbe20208,0x00000000dbf80000)
  to   space 8192K, 0% used [0x00000000daf80000,0x00000000daf80000,0x00000000db780000)
 ParOldGen       total 58368K, used 6581K [0x0000000082200000, 0x0000000085b00000, 0x00000000d6100000)
  object space 58368K, 11% used [0x0000000082200000,0x000000008286d710,0x0000000085b00000)
 Metaspace       used 29482K, capacity 31424K, committed 31744K, reserved 1077248K
  class space    used 3866K, capacity 4266K, committed 4352K, reserved 1048576K
}
Event: 17.632 GC heap before
{Heap before GC invocations=10 (full 1):
 PSYoungGen      total 88576K, used 62778K [0x00000000d6100000, 0x00000000dbf80000, 0x0000000100000000)
  eden space 80384K, 69% used [0x00000000d6100000,0x00000000d97ae8a8,0x00000000daf80000)
  from space 8192K, 82% used [0x00000000db780000,0x00000000dbe20208,0x00000000dbf80000)
  to   space 8192K, 0% used [0x00000000daf80000,0x00000000daf80000,0x00000000db780000)
 ParOldGen       total 58368K, used 6581K [0x0000000082200000, 0x0000000085b00000, 0x00000000d6100000)
  object space 58368K, 11% used [0x0000000082200000,0x000000008286d710,0x0000000085b00000)
 Metaspace       used 33227K, capacity 35400K, committed 35496K, reserved 1079296K
  class space    used 4392K, capacity 4828K, committed 4864K, reserved 1048576K
Event: 17.649 GC heap after
Heap after GC invocations=10 (full 1):
 PSYoungGen      total 88576K, used 8107K [0x00000000d6100000, 0x00000000dde80000, 0x0000000100000000)
  eden space 80384K, 0% used [0x00000000d6100000,0x00000000d6100000,0x00000000daf80000)
  from space 8192K, 98% used [0x00000000daf80000,0x00000000db76acc8,0x00000000db780000)
  to   space 9216K, 0% used [0x00000000dd580000,0x00000000dd580000,0x00000000dde80000)
 ParOldGen       total 58368K, used 7261K [0x0000000082200000, 0x0000000085b00000, 0x00000000d6100000)
  object space 58368K, 12% used [0x0000000082200000,0x0000000082917710,0x0000000085b00000)
 Metaspace       used 33227K, capacity 35400K, committed 35496K, reserved 1079296K
  class space    used 4392K, capacity 4828K, committed 4864K, reserved 1048576K
}
Event: 17.649 GC heap before
{Heap before GC invocations=11 (full 2):
 PSYoungGen      total 88576K, used 8107K [0x00000000d6100000, 0x00000000dde80000, 0x0000000100000000)
  eden space 80384K, 0% used [0x00000000d6100000,0x00000000d6100000,0x00000000daf80000)
  from space 8192K, 98% used [0x00000000daf80000,0x00000000db76acc8,0x00000000db780000)
  to   space 9216K, 0% used [0x00000000dd580000,0x00000000dd580000,0x00000000dde80000)
 ParOldGen       total 58368K, used 7261K [0x0000000082200000, 0x0000000085b00000, 0x00000000d6100000)
  object space 58368K, 12% used [0x0000000082200000,0x0000000082917710,0x0000000085b00000)
 Metaspace       used 33227K, capacity 35400K, committed 35496K, reserved 1079296K
  class space    used 4392K, capacity 4828K, committed 4864K, reserved 1048576K
Event: 17.760 GC heap after
Heap after GC invocations=11 (full 2):
 PSYoungGen      total 88576K, used 0K [0x00000000d6100000, 0x00000000dde80000, 0x0000000100000000)
  eden space 80384K, 0% used [0x00000000d6100000,0x00000000d6100000,0x00000000daf80000)
  from space 8192K, 0% used [0x00000000daf80000,0x00000000daf80000,0x00000000db780000)
  to   space 9216K, 0% used [0x00000000dd580000,0x00000000dd580000,0x00000000dde80000)
 ParOldGen       total 88576K, used 13309K [0x0000000082200000, 0x0000000087880000, 0x00000000d6100000)
  object space 88576K, 15% used [0x0000000082200000,0x0000000082eff4f0,0x0000000087880000)
 Metaspace       used 33227K, capacity 35400K, committed 35496K, reserved 1079296K
  class space    used 4392K, capacity 4828K, committed 4864K, reserved 1048576K
}
Event: 21.640 GC heap before
{Heap before GC invocations=12 (full 2):
 PSYoungGen      total 88576K, used 80384K [0x00000000d6100000, 0x00000000dde80000, 0x0000000100000000)
  eden space 80384K, 100% used [0x00000000d6100000,0x00000000daf80000,0x00000000daf80000)
  from space 8192K, 0% used [0x00000000daf80000,0x00000000daf80000,0x00000000db780000)
  to   space 9216K, 0% used [0x00000000dd580000,0x00000000dd580000,0x00000000dde80000)
 ParOldGen       total 88576K, used 13309K [0x0000000082200000, 0x0000000087880000, 0x00000000d6100000)
  object space 88576K, 15% used [0x0000000082200000,0x0000000082eff4f0,0x0000000087880000)
 Metaspace       used 42669K, capacity 45076K, committed 45184K, reserved 1087488K
  class space    used 5768K, capacity 6242K, committed 6272K, reserved 1048576K
Event: 21.659 GC heap after
Heap after GC invocations=12 (full 2):
 PSYoungGen      total 113152K, used 9191K [0x00000000d6100000, 0x00000000dde80000, 0x0000000100000000)
  eden space 103936K, 0% used [0x00000000d6100000,0x00000000d6100000,0x00000000dc680000)
  from space 9216K, 99% used [0x00000000dd580000,0x00000000dde79cf0,0x00000000dde80000)
  to   space 11264K, 0% used [0x00000000dc880000,0x00000000dc880000,0x00000000dd380000)
 ParOldGen       total 88576K, used 15538K [0x0000000082200000, 0x0000000087880000, 0x00000000d6100000)
  object space 88576K, 17% used [0x0000000082200000,0x000000008312c8a0,0x0000000087880000)
 Metaspace       used 42669K, capacity 45076K, committed 45184K, reserved 1087488K
  class space    used 5768K, capacity 6242K, committed 6272K, reserved 1048576K
}
Event: 25.465 GC heap before
{Heap before GC invocations=13 (full 2):
 PSYoungGen      total 113152K, used 113127K [0x00000000d6100000, 0x00000000dde80000, 0x0000000100000000)
  eden space 103936K, 100% used [0x00000000d6100000,0x00000000dc680000,0x00000000dc680000)
  from space 9216K, 99% used [0x00000000dd580000,0x00000000dde79cf0,0x00000000dde80000)
  to   space 11264K, 0% used [0x00000000dc880000,0x00000000dc880000,0x00000000dd380000)
 ParOldGen       total 88576K, used 15538K [0x0000000082200000, 0x0000000087880000, 0x00000000d6100000)
  object space 88576K, 17% used [0x0000000082200000,0x000000008312c8a0,0x0000000087880000)
 Metaspace       used 51563K, capacity 54444K, committed 54528K, reserved 1095680K
  class space    used 7099K, capacity 7638K, committed 7680K, reserved 1048576K
Event: 25.490 GC heap after
Heap after GC invocations=13 (full 2):
 PSYoungGen      total 117248K, used 11234K [0x00000000d6100000, 0x00000000dfd80000, 0x0000000100000000)
  eden space 105984K, 0% used [0x00000000d6100000,0x00000000d6100000,0x00000000dc880000)
  from space 11264K, 99% used [0x00000000dc880000,0x00000000dd378940,0x00000000dd380000)
  to   space 13824K, 0% used [0x00000000df000000,0x00000000df000000,0x00000000dfd80000)
 ParOldGen       total 88576K, used 19664K [0x0000000082200000, 0x0000000087880000, 0x00000000d6100000)
  object space 88576K, 22% used [0x0000000082200000,0x0000000083534000,0x0000000087880000)
 Metaspace       used 51563K, capacity 54444K, committed 54528K, reserved 1095680K
  class space    used 7099K, capacity 7638K, committed 7680K, reserved 1048576K
}

