# JRE version: Java(TM) SE Runtime Environment (8.0_181-b13) (build 1.8.0_181-b13)
# Java VM: Java HotSpot(TM) 64-Bit Server VM (25.181-b13 mixed mode windows-amd64 compressed oops)
Heap:
 PSYoungGen      total 58880K, used 21322K [0x00000000d6100000, 0x00000000dc600000, 0x0000000100000000)
  eden space 50688K, 33% used [0x00000000d6100000,0x00000000d71adf10,0x00000000d9280000)
  from space 8192K, 51% used [0x00000000d9280000,0x00000000d96a4cc8,0x00000000d9a80000)
  to   space 7680K, 0% used [0x00000000dbe80000,0x00000000dbe80000,0x00000000dc600000)
 ParOldGen       total 57344K, used 6290K [0x0000000082200000, 0x0000000085a00000, 0x00000000d6100000)
  object space 57344K, 10% used [0x0000000082200000,0x0000000082824910,0x0000000085a00000)
 Metaspace       used 27333K, capacity 29112K, committed 29360K, reserved 1075200K
  class space    used 3570K, capacity 3938K, committed 4016K, reserved 1048576K
GC Heap History (10 events):
Event: 5.052 GC heap before
{Heap before GC invocations=4 (full 0):
 PSYoungGen      total 37888K, used 25244K [0x00000000d6100000, 0x00000000d8b00000, 0x0000000100000000)
  eden space 32768K, 61% used [0x00000000d6100000,0x00000000d74aa2c8,0x00000000d8100000)
  from space 5120K, 99% used [0x00000000d8100000,0x00000000d85fcfe0,0x00000000d8600000)
  to   space 5120K, 0% used [0x00000000d8600000,0x00000000d8600000,0x00000000d8b00000)
 ParOldGen       total 86016K, used 2345K [0x0000000082200000, 0x0000000087600000, 0x00000000d6100000)
  object space 86016K, 2% used [0x0000000082200000,0x000000008244a630,0x0000000087600000)
 Metaspace       used 19760K, capacity 21094K, committed 21296K, reserved 1067008K
  class space    used 2582K, capacity 2841K, committed 2864K, reserved 1048576K
Event: 5.062 GC heap after
Heap after GC invocations=4 (full 0):
 PSYoungGen      total 37888K, used 5112K [0x00000000d6100000, 0x00000000dab00000, 0x0000000100000000)
  eden space 32768K, 0% used [0x00000000d6100000,0x00000000d6100000,0x00000000d8100000)
  from space 5120K, 99% used [0x00000000d8600000,0x00000000d8afe0c8,0x00000000d8b00000)
  to   space 5120K, 0% used [0x00000000d8100000,0x00000000d8100000,0x00000000d8600000)
 ParOldGen       total 86016K, used 3663K [0x0000000082200000, 0x0000000087600000, 0x00000000d6100000)
  object space 86016K, 4% used [0x0000000082200000,0x0000000082593e00,0x0000000087600000)
 Metaspace       used 19760K, capacity 21094K, committed 21296K, reserved 1067008K
  class space    used 2582K, capacity 2841K, committed 2864K, reserved 1048576K
}
Event: 5.062 GC heap before
{Heap before GC invocations=5 (full 1):
 PSYoungGen      total 37888K, used 5112K [0x00000000d6100000, 0x00000000dab00000, 0x0000000100000000)
  eden space 32768K, 0% used [0x00000000d6100000,0x00000000d6100000,0x00000000d8100000)
  from space 5120K, 99% used [0x00000000d8600000,0x00000000d8afe0c8,0x00000000d8b00000)
  to   space 5120K, 0% used [0x00000000d8100000,0x00000000d8100000,0x00000000d8600000)
 ParOldGen       total 86016K, used 3663K [0x0000000082200000, 0x0000000087600000, 0x00000000d6100000)
  object space 86016K, 4% used [0x0000000082200000,0x0000000082593e00,0x0000000087600000)
 Metaspace       used 19760K, capacity 21094K, committed 21296K, reserved 1067008K
  class space    used 2582K, capacity 2841K, committed 2864K, reserved 1048576K
Event: 5.111 GC heap after
Heap after GC invocations=5 (full 1):
 PSYoungGen      total 37888K, used 0K [0x00000000d6100000, 0x00000000dab00000, 0x0000000100000000)
  eden space 32768K, 0% used [0x00000000d6100000,0x00000000d6100000,0x00000000d8100000)
  from space 5120K, 0% used [0x00000000d8600000,0x00000000d8600000,0x00000000d8b00000)
  to   space 5120K, 0% used [0x00000000d8100000,0x00000000d8100000,0x00000000d8600000)
 ParOldGen       total 57344K, used 6290K [0x0000000082200000, 0x0000000085a00000, 0x00000000d6100000)
  object space 57344K, 10% used [0x0000000082200000,0x0000000082824910,0x0000000085a00000)
 Metaspace       used 19760K, capacity 21094K, committed 21296K, reserved 1067008K
  class space    used 2582K, capacity 2841K, committed 2864K, reserved 1048576K
}
Event: 5.518 GC heap before
{Heap before GC invocations=6 (full 1):
 PSYoungGen      total 37888K, used 32768K [0x00000000d6100000, 0x00000000dab00000, 0x0000000100000000)
  eden space 32768K, 100% used [0x00000000d6100000,0x00000000d8100000,0x00000000d8100000)
  from space 5120K, 0% used [0x00000000d8600000,0x00000000d8600000,0x00000000d8b00000)
  to   space 5120K, 0% used [0x00000000d8100000,0x00000000d8100000,0x00000000d8600000)
 ParOldGen       total 57344K, used 6290K [0x0000000082200000, 0x0000000085a00000, 0x00000000d6100000)
  object space 57344K, 10% used [0x0000000082200000,0x0000000082824910,0x0000000085a00000)
 Metaspace       used 23532K, capacity 25034K, committed 25136K, reserved 1071104K
  class space    used 3038K, capacity 3331K, committed 3376K, reserved 1048576K
Event: 5.526 GC heap after
Heap after GC invocations=6 (full 1):
 PSYoungGen      total 37888K, used 4490K [0x00000000d6100000, 0x00000000da200000, 0x0000000100000000)
  eden space 32768K, 0% used [0x00000000d6100000,0x00000000d6100000,0x00000000d8100000)
  from space 5120K, 87% used [0x00000000d8100000,0x00000000d8562b90,0x00000000d8600000)
  to   space 7680K, 0% used [0x00000000d9a80000,0x00000000d9a80000,0x00000000da200000)
 ParOldGen       total 57344K, used 6290K [0x0000000082200000, 0x0000000085a00000, 0x00000000d6100000)
  object space 57344K, 10% used [0x0000000082200000,0x0000000082824910,0x0000000085a00000)
 Metaspace       used 23532K, capacity 25034K, committed 25136K, reserved 1071104K
  class space    used 3038K, capacity 3331K, committed 3376K, reserved 1048576K
}
Event: 5.765 GC heap before
{Heap before GC invocations=7 (full 1):
 PSYoungGen      total 37888K, used 37220K [0x00000000d6100000, 0x00000000da200000, 0x0000000100000000)
  eden space 32768K, 99% used [0x00000000d6100000,0x00000000d80f6480,0x00000000d8100000)
  from space 5120K, 87% used [0x00000000d8100000,0x00000000d8562b90,0x00000000d8600000)
  to   space 7680K, 0% used [0x00000000d9a80000,0x00000000d9a80000,0x00000000da200000)
 ParOldGen       total 57344K, used 6290K [0x0000000082200000, 0x0000000085a00000, 0x00000000d6100000)
  object space 57344K, 10% used [0x0000000082200000,0x0000000082824910,0x0000000085a00000)
 Metaspace       used 24865K, capacity 26376K, committed 26672K, reserved 1073152K
  class space    used 3248K, capacity 3562K, committed 3632K, reserved 1048576K
Event: 5.770 GC heap after
Heap after GC invocations=7 (full 1):
 PSYoungGen      total 58368K, used 3002K [0x00000000d6100000, 0x00000000da480000, 0x0000000100000000)
  eden space 50688K, 0% used [0x00000000d6100000,0x00000000d6100000,0x00000000d9280000)
  from space 7680K, 39% used [0x00000000d9a80000,0x00000000d9d6eb28,0x00000000da200000)
  to   space 8192K, 0% used [0x00000000d9280000,0x00000000d9280000,0x00000000d9a80000)
 ParOldGen       total 57344K, used 6290K [0x0000000082200000, 0x0000000085a00000, 0x00000000d6100000)
  object space 57344K, 10% used [0x0000000082200000,0x0000000082824910,0x0000000085a00000)
 Metaspace       used 24865K, capacity 26376K, committed 26672K, reserved 1073152K
  class space    used 3248K, capacity 3562K, committed 3632K, reserved 1048576K
}
Event: 7.022 GC heap before
{Heap before GC invocations=8 (full 1):
 PSYoungGen      total 58368K, used 53690K [0x00000000d6100000, 0x00000000da480000, 0x0000000100000000)
  eden space 50688K, 100% used [0x00000000d6100000,0x00000000d9280000,0x00000000d9280000)
  from space 7680K, 39% used [0x00000000d9a80000,0x00000000d9d6eb28,0x00000000da200000)
  to   space 8192K, 0% used [0x00000000d9280000,0x00000000d9280000,0x00000000d9a80000)
 ParOldGen       total 57344K, used 6290K [0x0000000082200000, 0x0000000085a00000, 0x00000000d6100000)
  object space 57344K, 10% used [0x0000000082200000,0x0000000082824910,0x0000000085a00000)
 Metaspace       used 26353K, capacity 27984K, committed 28208K, reserved 1073152K
  class space    used 3426K, capacity 3764K, committed 3888K, reserved 1048576K
Event: 7.105 GC heap after
Heap after GC invocations=8 (full 1):
 PSYoungGen      total 58880K, used 4243K [0x00000000d6100000, 0x00000000dc600000, 0x0000000100000000)
  eden space 50688K, 0% used [0x00000000d6100000,0x00000000d6100000,0x00000000d9280000)
  from space 8192K, 51% used [0x00000000d9280000,0x00000000d96a4cc8,0x00000000d9a80000)
  to   space 7680K, 0% used [0x00000000dbe80000,0x00000000dbe80000,0x00000000dc600000)
 ParOldGen       total 57344K, used 6290K [0x0000000082200000, 0x0000000085a00000, 0x00000000d6100000)
  object space 57344K, 10% used [0x0000000082200000,0x0000000082824910,0x0000000085a00000)
 Metaspace       used 26353K, capacity 27984K, committed 28208K, reserved 1073152K
  class space    used 3426K, capacity 3764K, committed 3888K, reserved 1048576K
}

